{"name": "test_update_object", "status": "failed", "statusDetails": {"message": "AssertionError", "trace": "put_update_object = <endpoints.update_object.UpdateObject object at 0x000002AE451CF140>\n\n    def test_update_object(put_update_object):\n        payload = {\n            \"name\": \"Apple MacBook Pro 2024 Kate - Last model\",\n            \"data\": {\n                \"year\": 2025,\n                \"price\": 2000,\n                \"cpu_model\": \"Intel Core i9\",\n                \"hard_disk_size\": \"10 TB\",\n                \"color\": \"white\"\n            }\n        }\n    \n        put_update_object.make_changes_in_object(42, payload)\n>       put_update_object.check_status_code_is_correct(status_code=200)\n\ntests\\test_1.py:50: \n_ _ _ _ _ _ _ _ _ _ _ _ _ _ _ _ _ _ _ _ _ _ _ _ _ _ _ _ _ _ _ _ _ _ _ _ _ _ _ _ _ _ _ _ _ _ _ _ _ _ _ _ _ _ _ _ _ _ _ _ _ _ _ _ _ _ _ _ _ _ _ _ _ _ _ _ _ _ _ _ _ _ _ _ _ _ _ _ _ _ _ _ _ _ _ _ _ _ _ _ _ _ _ _ _ _ _ _ _ _ _ _ _ _\n\nself = <endpoints.update_object.UpdateObject object at 0x000002AE451CF140>, status_code = 200\n\n    @allure.step('Check status code')\n    def check_status_code_is_correct(self, status_code):\n>       assert self.response.status_code == 200\nE       AssertionError\n\nendpoints\\endpoint.py:11: AssertionError"}, "steps": [{"name": "update object", "status": "passed", "parameters": [{"name": "new_object_id", "value": "42"}, {"name": "payload", "value": "{'name': 'Apple MacBook Pro 2024 Kate - Last model', 'data': {'year': 2025, 'price': 2000, 'cpu_model': 'Intel Core i9', 'hard_disk_size': '10 TB', 'color': 'white'}}"}, {"name": "headers", "value": "None"}], "start": 1720952931744, "stop": 1720952932747}, {"name": "Check status code", "status": "failed", "statusDetails": {"message": "AssertionError\n", "trace": "  File \"C:\\Kate\\lessons_AQA\\project\\Katherina_K\\venv\\Lib\\site-packages\\allure_commons\\_allure.py\", line 192, in impl\n    return func(*a, **kw)\n           ^^^^^^^^^^^^^^\n  File \"C:\\Kate\\lessons_AQA\\project\\Katherina_K\\test_api_kkaplina\\endpoints\\endpoint.py\", line 11, in check_status_code_is_correct\n    assert self.response.status_code == 200\n"}, "parameters": [{"name": "status_code", "value": "200"}], "start": 1720952932748, "stop": 1720952932748}], "start": 1720952931744, "stop": 1720952932754, "uuid": "2cd7f7f8-2e2d-4ea8-bfd9-b8820d356964", "historyId": "985cc495e19c289d2906f48d4e5d0685", "testCaseId": "985cc495e19c289d2906f48d4e5d0685", "fullName": "tests.test_1#test_update_object", "labels": [{"name": "parentSuite", "value": "tests"}, {"name": "suite", "value": "test_1"}, {"name": "host", "value": "MSI"}, {"name": "thread", "value": "11244-MainThread"}, {"name": "framework", "value": "pytest"}, {"name": "language", "value": "cpython3"}, {"name": "package", "value": "tests.test_1"}]}